<?xml version="1.0" encoding="UTF-8"?>
<coverage generated="1745750955917" clover="3.2.0">
  <project timestamp="1745750955917" name="All files">
    <metrics statements="3" coveredstatements="2" conditionals="2" coveredconditionals="1" methods="3" coveredmethods="2" elements="8" coveredelements="5" complexity="0" loc="3" ncloc="3" packages="1" files="1" classes="1"/>
    <file name="TodoItem.jsx" path="D:\academy\first-task\todo + jest\src\components\TodoItem.jsx">
      <metrics statements="3" coveredstatements="2" conditionals="2" coveredconditionals="1" methods="3" coveredmethods="2"/>
      <line num="2" count="3" type="stmt"/>
      <line num="7" count="0" type="stmt"/>
      <line num="12" count="1" type="stmt"/>
    </file>
  </project>
</coverage>
