{"D:\\academy\\first-task\\todo + jest\\src\\components\\TodoItem.jsx": {"path":"D:\\academy\\first-task\\todo + jest\\src\\components\\TodoItem.jsx","statementMap":{"0":{"start":{"line":2,"column":4},"end":{"line":18,"column":6}},"1":{"start":{"line":7,"column":26},"end":{"line":7,"column":43}},"2":{"start":{"line":12,"column":25},"end":{"line":12,"column":42}}},"fnMap":{"0":{"name":"TodoItem","decl":{"start":{"line":1,"column":24},"end":{"line":1,"column":32}},"loc":{"start":{"line":1,"column":63},"end":{"line":19,"column":3}},"line":1},"1":{"name":"(anonymous_1)","decl":{"start":{"line":7,"column":20},"end":{"line":7,"column":21}},"loc":{"start":{"line":7,"column":26},"end":{"line":7,"column":43}},"line":7},"2":{"name":"(anonymous_2)","decl":{"start":{"line":12,"column":19},"end":{"line":12,"column":20}},"loc":{"start":{"line":12,"column":25},"end":{"line":12,"column":42}},"line":12}},"branchMap":{"0":{"loc":{"start":{"line":3,"column":35},"end":{"line":3,"column":68}},"type":"cond-expr","locations":[{"start":{"line":3,"column":52},"end":{"line":3,"column":63}},{"start":{"line":3,"column":66},"end":{"line":3,"column":68}}],"line":3}},"s":{"0":3,"1":0,"2":1},"f":{"0":3,"1":0,"2":1},"b":{"0":[0,3]},"_coverageSchema":"1a1c01bbd47fc00a2c39e90264f33305004495a9","hash":"c72480a99285d1031958f76f19c5508f1321fbd8"}
}
